Arguments: 
  /usr/bin/node /usr/share/yarn/bin/yarn.js add apollo-server qraphql

PATH: 
  /usr/local/sbin:/usr/local/bin:/usr/sbin:/usr/bin:/sbin:/bin:/snap/bin

Yarn version: 
  1.19.1

Node version: 
  12.11.1

Platform: 
  linux x64

Trace: 
  Error: https://registry.yarnpkg.com/qraphql: Not found
      at Request.params.callback [as _callback] (/usr/share/yarn/lib/cli.js:66926:18)
      at Request.self.callback (/usr/share/yarn/lib/cli.js:140564:22)
      at Request.emit (events.js:210:5)
      at Request.<anonymous> (/usr/share/yarn/lib/cli.js:141536:10)
      at Request.emit (events.js:210:5)
      at IncomingMessage.<anonymous> (/usr/share/yarn/lib/cli.js:141458:12)
      at Object.onceWrapper (events.js:299:28)
      at IncomingMessage.emit (events.js:215:7)
      at endReadableNT (_stream_readable.js:1183:12)
      at processTicksAndRejections (internal/process/task_queues.js:80:21)

npm manifest: 
  {
    "name": "server",
    "version": "1.0.0",
    "description": "apollo server",
    "main": "index.ts",
    "scripts": {
      "test": "echo \"Error: no test specified\" && exit 1"
    },
    "keywords": [],
    "author": "jakapatb",
    "license": "ISC"
  }

yarn manifest: 
  No manifest

Lockfile: 
  No lockfile
